<?xml version="1.0" encoding="UTF-8"?>
<!-- Generated by org.testng.reporters.JUnitXMLReporter -->
<testsuite hostname="LAZ-TH-L-M-0053" ignored="0" name="Smoke Test1" tests="7" failures="1" timestamp="10 May 2018 01:57:03 GMT" time="8.244" errors="0">
  <testcase name="pageTitleJUnit" time="2.637" classname="SmokeTest.PageTitleJunit"/>
  <testcase name="loginElementsPresentTest" time="0.113" classname="SmokeTest.ATagsTest">
    <failure type="java.lang.AssertionError" message="expected [true] but found [false]">
      <![CDATA[java.lang.AssertionError: expected [true] but found [false]
at SmokeTest.ATagsTest.loginElementsPresentTest(ATagsTest.java:35)
... Removed 33 stack frames]]>
    </failure>
  </testcase> <!-- loginElementsPresentTest -->
  <testcase name="setup1" time="0.001" classname="SmokeTest.MyTestNgClass"/>
  <testcase name="setup2" time="0.001" classname="SmokeTest.MyTestNgClass"/>
  <testcase name="setup3" time="0.0" classname="SmokeTest.MyTestNgClass"/>
  <testcase name="setup4" time="0.001" classname="SmokeTest.MyTestNgClass"/>
  <testcase name="LoginElementsPresentTest" time="0.07" classname="SmokeTest.LoginPresentTestNG"/>
</testsuite> <!-- Smoke Test1 -->
