<?xml version="1.0" encoding="UTF-8"?>
<testng-results skipped="0" failed="1" ignored="0" total="7" passed="6">
  <reporter-output>
  </reporter-output>
  <suite name="SDET University Test Suites" duration-ms="8244" started-at="2018-05-10T01:56:55Z" finished-at="2018-05-10T01:57:03Z">
    <groups>
    </groups>
    <test name="Smoke Test1" duration-ms="8244" started-at="2018-05-10T01:56:55Z" finished-at="2018-05-10T01:57:03Z">
      <class name="SmokeTest.LoginPresentTestNG">
        <test-method status="PASS" signature="setUp()[pri:0, instance:SmokeTest.LoginPresentTestNG@7a675056]" name="setUp" is-config="true" duration-ms="2590" started-at="2018-05-10T01:57:00Z" finished-at="2018-05-10T01:57:03Z">
          <reporter-output>
          </reporter-output>
        </test-method> <!-- setUp -->
        <test-method status="PASS" signature="LoginElementsPresentTest()[pri:0, instance:SmokeTest.LoginPresentTestNG@7a675056]" name="LoginElementsPresentTest" duration-ms="70" started-at="2018-05-10T01:57:03Z" finished-at="2018-05-10T01:57:03Z">
          <reporter-output>
          </reporter-output>
        </test-method> <!-- LoginElementsPresentTest -->
        <test-method status="PASS" signature="tearDown()[pri:0, instance:SmokeTest.LoginPresentTestNG@7a675056]" name="tearDown" is-config="true" duration-ms="86" started-at="2018-05-10T01:57:03Z" finished-at="2018-05-10T01:57:03Z">
          <reporter-output>
          </reporter-output>
        </test-method> <!-- tearDown -->
      </class> <!-- SmokeTest.LoginPresentTestNG -->
      <class name="SmokeTest.ATagsTest">
        <test-method status="PASS" signature="setUp()[pri:0, instance:SmokeTest.ATagsTest@3c0be339]" name="setUp" is-config="true" duration-ms="2508" started-at="2018-05-10T01:56:57Z" finished-at="2018-05-10T01:57:00Z">
          <reporter-output>
          </reporter-output>
        </test-method> <!-- setUp -->
        <test-method status="FAIL" signature="loginElementsPresentTest()[pri:0, instance:SmokeTest.ATagsTest@3c0be339]" name="loginElementsPresentTest" duration-ms="113" started-at="2018-05-10T01:57:00Z" finished-at="2018-05-10T01:57:00Z">
          <exception class="java.lang.AssertionError">
            <message>
              <![CDATA[expected [true] but found [false]]]>
            </message>
            <full-stacktrace>
              <![CDATA[java.lang.AssertionError: expected [true] but found [false]
at org.testng.Assert.fail(Assert.java:96)
at org.testng.Assert.failNotEquals(Assert.java:776)
at org.testng.Assert.assertTrue(Assert.java:44)
at org.testng.Assert.assertTrue(Assert.java:54)
at SmokeTest.ATagsTest.loginElementsPresentTest(ATagsTest.java:35)
at sun.reflect.NativeMethodAccessorImpl.invoke0(Native Method)
at sun.reflect.NativeMethodAccessorImpl.invoke(NativeMethodAccessorImpl.java:62)
at sun.reflect.DelegatingMethodAccessorImpl.invoke(DelegatingMethodAccessorImpl.java:43)
at java.lang.reflect.Method.invoke(Method.java:498)
at org.testng.internal.MethodInvocationHelper.invokeMethod(MethodInvocationHelper.java:124)
at org.testng.internal.Invoker.invokeMethod(Invoker.java:583)
at org.testng.internal.Invoker.invokeTestMethod(Invoker.java:719)
at org.testng.internal.Invoker.invokeTestMethods(Invoker.java:989)
at org.testng.internal.TestMethodWorker.invokeTestMethods(TestMethodWorker.java:125)
at org.testng.internal.TestMethodWorker.run(TestMethodWorker.java:109)
at org.testng.TestRunner.privateRun(TestRunner.java:648)
at org.testng.TestRunner.run(TestRunner.java:505)
at org.testng.SuiteRunner.runTest(SuiteRunner.java:455)
at org.testng.SuiteRunner.runSequentially(SuiteRunner.java:450)
at org.testng.SuiteRunner.privateRun(SuiteRunner.java:415)
at org.testng.SuiteRunner.run(SuiteRunner.java:364)
at org.testng.SuiteRunnerWorker.runSuite(SuiteRunnerWorker.java:52)
at org.testng.SuiteRunnerWorker.run(SuiteRunnerWorker.java:84)
at org.testng.TestNG.runSuitesSequentially(TestNG.java:1208)
at org.testng.TestNG.runSuitesLocally(TestNG.java:1137)
at org.testng.TestNG.runSuites(TestNG.java:1049)
at org.testng.TestNG.run(TestNG.java:1017)
at org.apache.maven.surefire.testng.TestNGExecutor.run(TestNGExecutor.java:283)
at org.apache.maven.surefire.testng.TestNGXmlTestSuite.execute(TestNGXmlTestSuite.java:75)
at org.apache.maven.surefire.testng.TestNGProvider.invoke(TestNGProvider.java:120)
at org.apache.maven.surefire.booter.ForkedBooter.invokeProviderInSameClassLoader(ForkedBooter.java:379)
at org.apache.maven.surefire.booter.ForkedBooter.runSuitesInProcess(ForkedBooter.java:340)
at org.apache.maven.surefire.booter.ForkedBooter.execute(ForkedBooter.java:125)
at org.apache.maven.surefire.booter.ForkedBooter.main(ForkedBooter.java:413)
]]>
            </full-stacktrace>
          </exception> <!-- java.lang.AssertionError -->
          <reporter-output>
          </reporter-output>
        </test-method> <!-- loginElementsPresentTest -->
        <test-method status="PASS" signature="tearDown()[pri:0, instance:SmokeTest.ATagsTest@3c0be339]" name="tearDown" is-config="true" duration-ms="85" started-at="2018-05-10T01:57:00Z" finished-at="2018-05-10T01:57:00Z">
          <reporter-output>
          </reporter-output>
        </test-method> <!-- tearDown -->
      </class> <!-- SmokeTest.ATagsTest -->
      <class name="SmokeTest.MyTestNgClass">
        <test-method status="PASS" signature="setup1()[pri:0, instance:SmokeTest.MyTestNgClass@15ca7889]" name="setup1" duration-ms="1" started-at="2018-05-10T01:57:00Z" finished-at="2018-05-10T01:57:00Z">
          <reporter-output>
          </reporter-output>
        </test-method> <!-- setup1 -->
        <test-method status="PASS" signature="setup2()[pri:0, instance:SmokeTest.MyTestNgClass@15ca7889]" name="setup2" duration-ms="1" started-at="2018-05-10T01:57:00Z" finished-at="2018-05-10T01:57:00Z">
          <reporter-output>
          </reporter-output>
        </test-method> <!-- setup2 -->
        <test-method status="PASS" signature="setup3()[pri:0, instance:SmokeTest.MyTestNgClass@15ca7889]" name="setup3" duration-ms="0" started-at="2018-05-10T01:57:00Z" finished-at="2018-05-10T01:57:00Z">
          <reporter-output>
          </reporter-output>
        </test-method> <!-- setup3 -->
        <test-method status="PASS" signature="setup4()[pri:0, instance:SmokeTest.MyTestNgClass@15ca7889]" name="setup4" duration-ms="1" started-at="2018-05-10T01:57:00Z" finished-at="2018-05-10T01:57:00Z">
          <reporter-output>
          </reporter-output>
        </test-method> <!-- setup4 -->
      </class> <!-- SmokeTest.MyTestNgClass -->
      <class name="SmokeTest.PageTitleJunit">
        <test-method status="PASS" signature="setUp()[pri:0, instance:SmokeTest.PageTitleJunit@1ebd319f]" name="setUp" is-config="true" duration-ms="26" started-at="2018-05-10T01:56:55Z" finished-at="2018-05-10T01:56:55Z">
          <reporter-output>
          </reporter-output>
        </test-method> <!-- setUp -->
        <test-method status="PASS" signature="pageTitleJUnit()[pri:0, instance:SmokeTest.PageTitleJunit@1ebd319f]" name="pageTitleJUnit" duration-ms="2637" started-at="2018-05-10T01:56:55Z" finished-at="2018-05-10T01:56:57Z">
          <reporter-output>
          </reporter-output>
        </test-method> <!-- pageTitleJUnit -->
        <test-method status="PASS" signature="tearDown()[pri:0, instance:SmokeTest.PageTitleJunit@1ebd319f]" name="tearDown" is-config="true" duration-ms="87" started-at="2018-05-10T01:57:03Z" finished-at="2018-05-10T01:57:03Z">
          <reporter-output>
          </reporter-output>
        </test-method> <!-- tearDown -->
      </class> <!-- SmokeTest.PageTitleJunit -->
    </test> <!-- Smoke Test1 -->
  </suite> <!-- SDET University Test Suites -->
</testng-results>
